Traceback (most recent call last):
  File "/home/lihkir/Documents/dataviz_uninorte/jbook_section1/venv/lib/python3.6/site-packages/jupyter_cache/executors/utils.py", line 56, in single_nb_execution
    record_timing=False,
  File "/home/lihkir/Documents/dataviz_uninorte/jbook_section1/venv/lib/python3.6/site-packages/nbclient/client.py", line 1117, in execute
    return NotebookClient(nb=nb, resources=resources, km=km, **kwargs).execute()
  File "/home/lihkir/Documents/dataviz_uninorte/jbook_section1/venv/lib/python3.6/site-packages/nbclient/util.py", line 78, in wrapped
    return just_run(coro(*args, **kwargs))
  File "/home/lihkir/Documents/dataviz_uninorte/jbook_section1/venv/lib/python3.6/site-packages/nbclient/util.py", line 57, in just_run
    return loop.run_until_complete(coro)
  File "/usr/lib/python3.6/asyncio/base_events.py", line 484, in run_until_complete
    return future.result()
  File "/home/lihkir/Documents/dataviz_uninorte/jbook_section1/venv/lib/python3.6/site-packages/nbclient/client.py", line 559, in async_execute
    cell, index, execution_count=self.code_cells_executed + 1
  File "/home/lihkir/Documents/dataviz_uninorte/jbook_section1/venv/lib/python3.6/site-packages/nbclient/client.py", line 862, in async_execute_cell
    self._check_raise_for_error(cell, exec_reply)
  File "/home/lihkir/Documents/dataviz_uninorte/jbook_section1/venv/lib/python3.6/site-packages/nbclient/client.py", line 765, in _check_raise_for_error
    raise CellExecutionError.from_cell_and_msg(cell, exec_reply_content)
nbclient.exceptions.CellExecutionError: An error occurred while executing the following cell:
------------------
from bokeh.resources import INLINE
import bokeh.io
from bokeh import *
bokeh.io.output_notebook(INLINE)
------------------

[0;31m---------------------------------------------------------------------------[0m
[0;31mModuleNotFoundError[0m                       Traceback (most recent call last)
[0;32m<ipython-input-1-059eba4881a0>[0m in [0;36m<module>[0;34m[0m
[0;32m----> 1[0;31m [0;32mfrom[0m [0mbokeh[0m[0;34m.[0m[0mresources[0m [0;32mimport[0m [0mINLINE[0m[0;34m[0m[0;34m[0m[0m
[0m[1;32m      2[0m [0;32mimport[0m [0mbokeh[0m[0;34m.[0m[0mio[0m[0;34m[0m[0;34m[0m[0m
[1;32m      3[0m [0;32mfrom[0m [0mbokeh[0m [0;32mimport[0m [0;34m*[0m[0;34m[0m[0;34m[0m[0m
[1;32m      4[0m [0mbokeh[0m[0;34m.[0m[0mio[0m[0;34m.[0m[0moutput_notebook[0m[0;34m([0m[0mINLINE[0m[0;34m)[0m[0;34m[0m[0;34m[0m[0m

[0;31mModuleNotFoundError[0m: No module named 'bokeh'
ModuleNotFoundError: No module named 'bokeh'

